2025-10-03T09:30:54.262Z [info]: Server running on port 5000
2025-10-03T09:30:59.107Z [info]: MongoDB connected
2025-10-03T09:35:01.711Z [info]: POST /api/auth/signup
2025-10-03T09:35:55.400Z [info]: Server running on port 5000
2025-10-03T09:35:57.449Z [info]: Server running on port 5000
2025-10-03T09:36:00.304Z [info]: Server running on port 5000
2025-10-03T09:36:00.510Z [info]: POST /api/auth/signup
2025-10-03T09:36:04.671Z [info]: MongoDB connected
2025-10-03T09:36:20.861Z [info]: Server running on port 5000
2025-10-03T09:36:21.975Z [info]: MongoDB connected
2025-10-03T09:36:22.855Z [info]: POST /api/auth/signup
2025-10-03T09:36:32.560Z [info]: POST /api/auth/signup
2025-10-03T09:37:27.554Z [info]: POST /auth/signup
2025-10-03T09:37:33.463Z [info]: POST /auth/login
2025-10-03T09:37:34.424Z [info]: GET /books?page=1
2025-10-03T09:37:35.175Z [info]: GET /books?page=1
2025-10-03T09:38:54.095Z [info]: POST /books
2025-10-03T09:38:54.246Z [info]: GET /books?page=1
2025-10-03T09:38:54.546Z [info]: GET /books?page=1
2025-10-03T09:38:59.672Z [info]: GET /books?page=2
2025-10-03T09:39:02.829Z [info]: GET /books?page=1
2025-10-03T09:39:04.377Z [info]: GET /books/68df99aedfad44876ca163e9
2025-10-03T09:39:04.684Z [info]: GET /books/68df99aedfad44876ca163e9
2025-10-03T09:41:29.714Z [info]: GET /books/68df99aedfad44876ca163e9
2025-10-03T09:41:30.421Z [info]: GET /books/68df99aedfad44876ca163e9
2025-10-03T09:41:50.959Z [info]: POST /books/68df99aedfad44876ca163e9/reviews
2025-10-03T09:44:39.994Z [info]: Server running on port 5000
2025-10-03T09:44:41.321Z [info]: Server running on port 5000
2025-10-03T09:44:48.169Z [info]: POST /books/68df99aedfad44876ca163e9/reviews
2025-10-03T09:45:28.706Z [error]: DB connection error
2025-10-03T09:46:59.563Z [info]: Server running on port 5000
2025-10-03T09:47:18.889Z [info]: POST /review/68df99aedfad44876ca163e9
2025-10-03T09:47:52.024Z [error]: DB connection error
2025-10-03T09:49:04.416Z [info]: Server running on port 5000
2025-10-03T09:49:29.737Z [info]: MongoDB connected
2025-10-03T09:49:35.733Z [info]: POST /review/68df99aedfad44876ca163e9
2025-10-03T09:54:00.565Z [info]: POST /review/68df99aedfad44876ca163e9
2025-10-03T09:54:23.736Z [info]: POST /review/68df99aedfad44876ca163e9
2025-10-03T09:56:16.101Z [info]: POST /review/68df99aedfad44876ca163e9
2025-10-03T09:56:16.293Z [info]: GET /books/68df99aedfad44876ca163e9
2025-10-03T09:57:47.701Z [info]: GET /books/68df99aedfad44876ca163e9
2025-10-03T09:57:47.910Z [info]: GET /books/68df99aedfad44876ca163e9
2025-10-03T09:57:52.404Z [info]: GET /books/68df99aedfad44876ca163e9
2025-10-03T09:57:52.595Z [info]: GET /books/68df99aedfad44876ca163e9
2025-10-03T09:57:58.228Z [info]: GET /books?page=1
2025-10-03T09:57:58.324Z [info]: GET /books?page=1
2025-10-03T09:58:01.219Z [info]: GET /books/68df99aedfad44876ca163e9
2025-10-03T09:58:01.435Z [info]: GET /books/68df99aedfad44876ca163e9
2025-10-03T09:58:26.835Z [info]: GET /books?page=1
2025-10-03T09:58:27.054Z [info]: GET /books?page=1
2025-10-03T09:58:48.421Z [info]: POST /books
2025-10-03T09:58:48.509Z [info]: GET /books?page=1
2025-10-03T09:58:48.694Z [info]: GET /books?page=1
2025-10-03T09:58:51.982Z [info]: GET /books/68df9e5840ca6e7f09dbda72
2025-10-03T09:58:52.128Z [info]: GET /books/68df9e5840ca6e7f09dbda72
2025-10-03T09:59:01.855Z [info]: POST /review/68df9e5840ca6e7f09dbda72
2025-10-03T09:59:02.020Z [info]: GET /books/68df9e5840ca6e7f09dbda72
2025-10-03T10:00:20.704Z [info]: GET /books/68df9e5840ca6e7f09dbda72
2025-10-03T10:00:20.891Z [info]: GET /books/68df9e5840ca6e7f09dbda72
2025-10-03T10:03:58.870Z [info]: Server running on port 5000
2025-10-03T10:03:59.570Z [info]: MongoDB connected
2025-10-03T10:04:14.872Z [info]: Server running on port 5000
2025-10-03T10:04:15.532Z [info]: MongoDB connected
2025-10-03T10:04:40.724Z [info]: POST /review/68df9e5840ca6e7f09dbda72
2025-10-03T10:04:53.143Z [info]: GET /books?page=1
2025-10-03T10:04:53.241Z [info]: GET /books?page=1
2025-10-03T10:04:55.074Z [info]: GET /books/68df99aedfad44876ca163e9
2025-10-03T10:04:55.261Z [info]: GET /books/68df99aedfad44876ca163e9
2025-10-03T10:05:09.695Z [info]: POST /review/68df99aedfad44876ca163e9
2025-10-03T10:05:18.953Z [info]: GET /books?page=1
2025-10-03T10:05:19.056Z [info]: GET /books?page=1
2025-10-03T10:05:21.325Z [info]: GET /books/68df9e5840ca6e7f09dbda72
2025-10-03T10:05:21.511Z [info]: GET /books/68df9e5840ca6e7f09dbda72
2025-10-03T10:05:24.573Z [info]: GET /books?page=1
2025-10-03T10:05:24.662Z [info]: GET /books?page=1
2025-10-03T10:05:26.109Z [info]: GET /books?page=1
2025-10-03T10:05:26.317Z [info]: GET /books?page=1
2025-10-03T10:06:24.612Z [info]: GET /books/68df9e5840ca6e7f09dbda72
2025-10-03T10:06:24.794Z [info]: GET /books/68df9e5840ca6e7f09dbda72
2025-10-03T10:07:37.190Z [info]: GET /books/68df9e5840ca6e7f09dbda72
2025-10-03T10:07:37.358Z [info]: GET /books/68df9e5840ca6e7f09dbda72
2025-10-03T10:07:47.510Z [info]: GET /books?page=1
2025-10-03T10:07:47.714Z [info]: GET /books?page=1
2025-10-03T10:07:49.624Z [info]: GET /books/68df99aedfad44876ca163e9
2025-10-03T10:07:49.806Z [info]: GET /books/68df99aedfad44876ca163e9
2025-10-03T10:08:18.947Z [info]: GET /books?page=1
2025-10-03T10:08:19.065Z [info]: GET /books?page=1
2025-10-03T10:08:21.182Z [info]: GET /books?page=1
2025-10-03T10:08:21.368Z [info]: GET /books?page=1
2025-10-03T10:08:22.800Z [info]: GET /books/68df9e5840ca6e7f09dbda72
2025-10-03T10:08:23.092Z [info]: GET /books/68df9e5840ca6e7f09dbda72
2025-10-03T10:11:24.118Z [info]: GET /books/68df9e5840ca6e7f09dbda72
2025-10-03T10:11:27.324Z [info]: GET /books/68df9e5840ca6e7f09dbda72
2025-10-03T10:11:33.793Z [info]: POST /review/68df9e5840ca6e7f09dbda72
2025-10-03T10:12:56.823Z [info]: GET /books/68df9e5840ca6e7f09dbda72
2025-10-03T10:12:57.453Z [info]: GET /books/68df9e5840ca6e7f09dbda72
2025-10-03T10:15:02.162Z [info]: Server running on port 5000
2025-10-03T10:15:03.892Z [info]: MongoDB connected
2025-10-03T10:15:26.429Z [info]: Server running on port 5000
2025-10-03T10:15:28.070Z [info]: MongoDB connected
2025-10-03T10:15:29.884Z [info]: Server running on port 5000
2025-10-03T10:15:31.228Z [info]: MongoDB connected
2025-10-03T10:17:12.478Z [info]: Server running on port 5000
2025-10-03T10:17:13.826Z [info]: MongoDB connected
2025-10-03T10:17:29.100Z [info]: Server running on port 5000
2025-10-03T10:17:30.285Z [info]: MongoDB connected
2025-10-03T10:18:53.509Z [info]: GET /books/68df9e5840ca6e7f09dbda72
2025-10-03T10:18:56.530Z [info]: GET /books/68df9e5840ca6e7f09dbda72
2025-10-03T10:20:02.609Z [info]: POST /auth/login
2025-10-03T10:20:02.891Z [info]: GET /books?page=1
2025-10-03T10:20:03.122Z [info]: GET /books?page=1
2025-10-03T10:20:05.550Z [info]: GET /books/68df9e5840ca6e7f09dbda72
2025-10-03T10:20:06.077Z [info]: GET /books/68df9e5840ca6e7f09dbda72
2025-10-03T10:25:04.250Z [info]: GET /books/68df9e5840ca6e7f09dbda72
2025-10-03T10:25:24.267Z [info]: GET /books/68df9e5840ca6e7f09dbda72
2025-10-03T10:25:41.537Z [error]: Get book by id error getaddrinfo ENOTFOUND ac-aw2tdx7-shard-00-02.pfuhzha.mongodb.net
2025-10-03T10:28:40.427Z [info]: GET /books?page=1
2025-10-03T10:28:40.631Z [info]: GET /books?page=1
2025-10-03T10:28:45.424Z [info]: GET /books?page=1
2025-10-03T10:28:45.619Z [info]: GET /books?page=1
2025-10-03T10:28:58.090Z [info]: POST /auth/login
2025-10-03T10:28:58.312Z [info]: GET /books?page=1
2025-10-03T10:28:58.507Z [info]: GET /books?page=1
2025-10-03T10:29:00.373Z [info]: GET /books/68df99aedfad44876ca163e9
2025-10-03T10:29:01.014Z [info]: GET /books/68df99aedfad44876ca163e9
2025-10-03T10:29:04.869Z [info]: GET /books?page=1
2025-10-03T10:29:05.069Z [info]: GET /books?page=1
2025-10-03T10:31:21.889Z [info]: POST /auth/login
2025-10-03T10:31:32.925Z [info]: POST /auth/login
2025-10-03T10:31:33.169Z [info]: GET /books?page=1
2025-10-03T10:31:33.439Z [info]: GET /books?page=1
2025-10-03T10:31:35.806Z [info]: GET /books/68df9e5840ca6e7f09dbda72
2025-10-03T10:31:36.218Z [info]: GET /books/68df9e5840ca6e7f09dbda72
2025-10-03T10:36:26.198Z [info]: Server running on port 5000
2025-10-03T10:36:27.615Z [info]: MongoDB connected
2025-10-03T10:38:10.951Z [info]: GET /books/68df9e5840ca6e7f09dbda72
2025-10-03T10:38:11.604Z [info]: GET /books/68df9e5840ca6e7f09dbda72
2025-10-03T10:38:15.258Z [info]: GET /books?page=1
2025-10-03T10:38:15.489Z [info]: GET /books?page=1
2025-10-03T10:38:17.434Z [info]: GET /books/68df99aedfad44876ca163e9
2025-10-03T10:38:17.808Z [info]: GET /books/68df99aedfad44876ca163e9
2025-10-03T10:38:19.444Z [info]: GET /books?page=1
2025-10-03T10:38:19.637Z [info]: GET /books?page=1
2025-10-03T10:38:28.474Z [info]: GET /books/68df9e5840ca6e7f09dbda72
2025-10-03T10:38:28.855Z [info]: GET /books/68df9e5840ca6e7f09dbda72
2025-10-03T10:38:54.674Z [info]: Server running on port 5000
2025-10-03T10:38:56.122Z [info]: MongoDB connected
2025-10-03T10:38:58.479Z [info]: Server running on port 5000
2025-10-03T10:38:59.935Z [info]: MongoDB connected
2025-10-03T10:39:05.972Z [info]: Server running on port 5000
2025-10-03T10:39:07.221Z [info]: MongoDB connected
2025-10-03T10:39:10.548Z [info]: GET /books/68df9e5840ca6e7f09dbda72
2025-10-03T10:39:10.866Z [info]: GET /books/68df9e5840ca6e7f09dbda72
2025-10-03T10:39:18.180Z [info]: Server running on port 5000
2025-10-03T10:39:19.491Z [info]: MongoDB connected
2025-10-03T10:39:20.073Z [info]: Server running on port 5000
2025-10-03T10:39:21.152Z [info]: Server running on port 5000
2025-10-03T10:39:22.690Z [info]: MongoDB connected
2025-10-03T10:39:25.112Z [info]: GET /books/68df9e5840ca6e7f09dbda72
2025-10-03T10:39:25.641Z [info]: GET /books/68df9e5840ca6e7f09dbda72
2025-10-03T10:39:34.903Z [info]: GET /books?page=1
2025-10-03T10:39:35.132Z [info]: GET /books?page=1
2025-10-03T10:41:57.695Z [info]: GET /books?page=1
2025-10-03T10:42:02.780Z [info]: GET /books?page=1
2025-10-03T10:42:03.459Z [info]: GET /books?page=1
2025-10-03T10:42:04.939Z [info]: GET /books/68df99aedfad44876ca163e9
2025-10-03T10:42:05.350Z [info]: GET /books/68df99aedfad44876ca163e9
2025-10-03T10:42:06.985Z [info]: GET /books?page=1
2025-10-03T10:42:07.247Z [info]: GET /books?page=1
2025-10-03T10:42:18.146Z [info]: POST /books
2025-10-03T10:42:18.319Z [info]: GET /books?page=1
2025-10-03T10:42:18.515Z [info]: GET /books?page=1
2025-10-03T10:42:20.281Z [info]: GET /books/68dfa88ad808239bb6ca36ff
2025-10-03T10:42:20.581Z [info]: GET /books/68dfa88ad808239bb6ca36ff
2025-10-03T10:42:26.686Z [info]: POST /review/68dfa88ad808239bb6ca36ff
2025-10-03T10:42:27.829Z [info]: GET /books/68dfa88ad808239bb6ca36ff
2025-10-03T10:42:32.307Z [info]: GET /books?page=1
2025-10-03T10:42:32.541Z [info]: GET /books?page=1
2025-10-03T10:42:34.578Z [info]: GET /books?page=1
2025-10-03T10:42:34.802Z [info]: GET /books?page=1
2025-10-03T10:42:36.678Z [info]: GET /books/68dfa88ad808239bb6ca36ff
2025-10-03T10:42:37.124Z [info]: GET /books/68dfa88ad808239bb6ca36ff
2025-10-03T10:43:02.108Z [info]: GET /books?page=1
2025-10-03T10:43:02.403Z [info]: GET /books?page=1
2025-10-03T10:43:44.145Z [info]: POST /auth/signup
2025-10-03T10:44:03.941Z [info]: POST /auth/login
2025-10-03T10:44:04.847Z [info]: GET /books?page=1
2025-10-03T10:44:06.402Z [info]: GET /books?page=1
2025-10-03T10:44:09.800Z [info]: GET /books/68dfa88ad808239bb6ca36ff
2025-10-03T10:44:11.229Z [info]: GET /books/68dfa88ad808239bb6ca36ff
2025-10-03T10:44:24.143Z [info]: POST /review/68dfa88ad808239bb6ca36ff
2025-10-03T10:44:25.250Z [info]: GET /books/68dfa88ad808239bb6ca36ff
2025-10-03T10:44:33.992Z [info]: GET /books?page=1
2025-10-03T10:44:34.218Z [info]: GET /books?page=1
2025-10-03T10:44:47.233Z [info]: GET /books?page=1
2025-10-03T10:44:51.403Z [info]: GET /books/68dfa88ad808239bb6ca36ff
2025-10-03T10:44:52.031Z [info]: GET /books/68dfa88ad808239bb6ca36ff
2025-10-03T10:45:03.387Z [info]: GET /books?page=1
2025-10-03T10:45:03.633Z [info]: GET /books?page=1
2025-10-03T10:47:21.698Z [info]: GET /books/68dfa88ad808239bb6ca36ff
2025-10-03T10:47:21.700Z [info]: GET /books?page=1
2025-10-03T10:47:21.955Z [info]: GET /books?page=1
2025-10-03T10:47:22.128Z [info]: GET /books/68dfa88ad808239bb6ca36ff
2025-10-03T10:48:03.692Z [info]: GET /books/68dfa88ad808239bb6ca36ff
2025-10-03T10:48:29.680Z [info]: GET /books/68dfa88ad808239bb6ca36ff
2025-10-03T10:48:45.692Z [info]: GET /books?page=1
2025-10-03T10:48:50.176Z [info]: GET /books?page=1
2025-10-03T10:48:50.384Z [info]: GET /books?page=1
2025-10-03T10:48:51.791Z [info]: GET /books?page=1
2025-10-03T10:48:52.063Z [info]: GET /books?page=1
2025-10-03T10:48:53.257Z [info]: GET /books?page=1
2025-10-03T10:48:53.467Z [info]: GET /books?page=1
2025-10-03T10:49:02.242Z [info]: GET /books/68dfa88ad808239bb6ca36ff
2025-10-03T10:49:03.037Z [info]: GET /books/68dfa88ad808239bb6ca36ff
2025-10-03T10:49:05.087Z [info]: GET /books?page=1
2025-10-03T10:49:05.421Z [info]: GET /books?page=1
2025-10-03T10:49:09.450Z [info]: GET /books/68df99aedfad44876ca163e9
2025-10-03T10:49:10.000Z [info]: GET /books/68df99aedfad44876ca163e9
2025-10-03T10:49:19.714Z [info]: POST /review/68df99aedfad44876ca163e9
2025-10-03T10:49:24.713Z [info]: GET /books?page=1
2025-10-03T10:49:25.042Z [info]: GET /books?page=1
2025-10-03T10:49:26.909Z [info]: GET /books/68df99aedfad44876ca163e9
2025-10-03T10:49:27.787Z [info]: GET /books/68df99aedfad44876ca163e9
2025-10-03T10:49:33.223Z [info]: GET /books?page=1
2025-10-03T10:49:33.447Z [info]: GET /books?page=1
2025-10-03T10:49:37.210Z [info]: GET /books/68df9e5840ca6e7f09dbda72
2025-10-03T10:49:38.050Z [info]: GET /books/68df9e5840ca6e7f09dbda72
2025-10-03T10:49:47.097Z [info]: POST /review/68df9e5840ca6e7f09dbda72
2025-10-03T10:50:11.687Z [info]: GET /books?page=1
2025-10-03T10:50:19.881Z [info]: GET /books/68df9e5840ca6e7f09dbda72
2025-10-03T10:50:36.374Z [info]: GET /books/68df9e5840ca6e7f09dbda72
2025-10-03T10:50:36.704Z [info]: GET /books?page=1
2025-10-03T10:50:37.016Z [info]: GET /books?page=1
2025-10-03T10:50:37.036Z [info]: GET /books/68df9e5840ca6e7f09dbda72
2025-10-03T10:52:52.694Z [info]: GET /books/68df9e5840ca6e7f09dbda72
2025-10-03T10:52:52.696Z [info]: GET /books?page=1
2025-10-03T10:53:05.689Z [info]: GET /books?page=1
2025-10-03T10:54:25.281Z [info]: GET /books?page=1
2025-10-03T10:54:25.739Z [info]: GET /books?page=1
2025-10-03T10:54:27.273Z [info]: GET /books/68dfa88ad808239bb6ca36ff
2025-10-03T10:54:27.667Z [info]: GET /books/68dfa88ad808239bb6ca36ff
2025-10-03T10:54:29.693Z [info]: GET /books?page=1
2025-10-03T10:54:30.308Z [info]: GET /books?page=1
2025-10-03T10:54:31.018Z [info]: GET /books/68df9e5840ca6e7f09dbda72
2025-10-03T10:54:31.833Z [info]: GET /books/68df9e5840ca6e7f09dbda72
2025-10-03T10:54:34.179Z [info]: GET /books?page=1
2025-10-03T10:54:34.483Z [info]: GET /books?page=1
2025-10-03T10:54:36.165Z [info]: GET /books/68df99aedfad44876ca163e9
2025-10-03T10:54:36.812Z [info]: GET /books/68df99aedfad44876ca163e9
2025-10-03T10:54:38.815Z [info]: GET /books?page=1
2025-10-03T10:54:39.132Z [info]: GET /books?page=1
2025-10-03T10:57:38.459Z [info]: GET /books/68dfa88ad808239bb6ca36ff
2025-10-03T10:57:38.902Z [info]: GET /books/68dfa88ad808239bb6ca36ff
2025-10-03T10:57:48.171Z [info]: GET /books/68df9e5840ca6e7f09dbda72
2025-10-03T10:57:48.556Z [info]: GET /books/68df9e5840ca6e7f09dbda72
2025-10-03T10:57:52.332Z [info]: GET /books/68df99aedfad44876ca163e9
2025-10-03T10:57:52.739Z [info]: GET /books/68df99aedfad44876ca163e9
2025-10-03T10:58:02.039Z [info]: GET /books?page=1
2025-10-03T10:58:02.250Z [info]: GET /books?page=1
2025-10-03T10:58:23.605Z [info]: GET /books/68df99aedfad44876ca163e9
2025-10-03T10:58:24.049Z [info]: GET /books/68df99aedfad44876ca163e9
2025-10-03T10:58:45.796Z [info]: GET /books/68df9e5840ca6e7f09dbda72
2025-10-03T10:58:46.216Z [info]: GET /books/68df9e5840ca6e7f09dbda72
2025-10-03T11:01:01.702Z [info]: GET /books?page=1
2025-10-03T11:01:01.703Z [info]: GET /books?page=1
2025-10-03T11:01:04.963Z [info]: GET /books?page=1
2025-10-03T11:01:05.198Z [info]: GET /books?page=1
2025-10-03T11:01:07.597Z [info]: GET /books/68df9e5840ca6e7f09dbda72
2025-10-03T11:01:08.020Z [info]: GET /books/68df9e5840ca6e7f09dbda72
2025-10-03T11:01:10.121Z [info]: GET /books?page=1
2025-10-03T11:01:10.513Z [info]: GET /books?page=1
2025-10-03T11:01:12.996Z [info]: GET /books?page=1
2025-10-03T11:01:13.205Z [info]: GET /books?page=1
2025-10-03T11:04:26.113Z [info]: GET /books?page=1
2025-10-03T11:04:26.340Z [info]: GET /books?page=1
2025-10-03T11:04:32.786Z [info]: GET /books/68dfa88ad808239bb6ca36ff
2025-10-03T11:04:33.194Z [info]: GET /books/68dfa88ad808239bb6ca36ff
2025-10-03T11:09:08.840Z [info]: GET /books/68df99aedfad44876ca163e9
2025-10-03T11:09:09.250Z [info]: GET /books/68df99aedfad44876ca163e9
2025-10-03T11:12:47.698Z [info]: GET /books/68df99aedfad44876ca163e9
2025-10-03T11:13:27.382Z [info]: GET /books?page=1
2025-10-03T11:13:27.577Z [info]: GET /books?page=1
2025-10-03T11:17:32.201Z [info]: GET /books?page=1
2025-10-03T11:17:32.408Z [info]: GET /books?page=1
2025-10-03T11:17:54.067Z [info]: GET /books?page=1
2025-10-03T11:17:54.249Z [info]: GET /books?page=1
2025-10-03T11:18:09.318Z [info]: GET /books?page=1
2025-10-03T11:18:09.504Z [info]: GET /books?page=1
2025-10-03T12:18:28.333Z [info]: Server running on port 5000
2025-10-03T12:18:36.112Z [info]: MongoDB connected
2025-10-03T12:18:42.079Z [info]: GET /books?page=1
2025-10-03T12:18:42.300Z [info]: GET /books?page=1
2025-10-03T12:19:44.457Z [info]: GET /books/68df99aedfad44876ca163e9
2025-10-03T12:19:44.944Z [info]: GET /books/68df99aedfad44876ca163e9
2025-10-03T12:22:28.868Z [info]: GET /books/68df99aedfad44876ca163e9
2025-10-03T12:22:29.313Z [info]: GET /books/68df99aedfad44876ca163e9
2025-10-03T12:33:28.930Z [info]: GET /books/68df99aedfad44876ca163e9
2025-10-03T12:33:29.332Z [info]: GET /books/68df99aedfad44876ca163e9
2025-10-03T12:38:55.556Z [info]: GET /books?page=1
2025-10-03T12:38:55.751Z [info]: GET /books?page=1
2025-10-03T12:40:56.103Z [info]: GET /books/68df9e5840ca6e7f09dbda72
2025-10-03T12:40:56.532Z [info]: GET /books/68df9e5840ca6e7f09dbda72
2025-10-03T12:43:39.419Z [info]: GET /books?page=1
2025-10-03T12:43:39.623Z [info]: GET /books?page=1
2025-10-03T12:43:45.754Z [info]: GET /books/68df9e5840ca6e7f09dbda72
2025-10-03T12:43:46.183Z [info]: GET /books/68df9e5840ca6e7f09dbda72
